Virtual environment activated.
Epoch 1/30 | val: {'dice': 0.3373023791758864, 'iou': 0.2266439244083993, 'boundary_f1': 0.09154193296290196, 'betti0_err': 10.682432432432432, 'betti1_err': 0.7837837837837838, 'pd_dist': 0.28671674034894834}
Epoch 2/30 | val: {'dice': 0.41950341347638553, 'iou': 0.2934900579286051, 'boundary_f1': 0.0634548354155577, 'betti0_err': 10.677927927927929, 'betti1_err': 0.7274774774774775, 'pd_dist': 0.2753668110914836}
Epoch 3/30 | val: {'dice': 0.4656848800074947, 'iou': 0.33569593754437593, 'boundary_f1': 0.07287174476696565, 'betti0_err': 10.66891891891892, 'betti1_err': 0.7274774774774775, 'pd_dist': 0.2746817604243316}
Epoch 4/30 | val: {'dice': 0.5046823400634903, 'iou': 0.36717244915597075, 'boundary_f1': 0.06688796260671036, 'betti0_err': 10.64864864864865, 'betti1_err': 0.713963963963964, 'pd_dist': 0.2733338808685664}
Epoch 5/30 | val: {'dice': 0.5181674498158533, 'iou': 0.3792732277432004, 'boundary_f1': 0.07173403339074538, 'betti0_err': 10.594594594594595, 'betti1_err': 0.7319819819819819, 'pd_dist': 0.2732895184305522}
Epoch 6/30 | val: {'dice': 0.518670880848223, 'iou': 0.3810990899801254, 'boundary_f1': 0.07218435180146952, 'betti0_err': 10.583333333333334, 'betti1_err': 0.7522522522522522, 'pd_dist': 0.2727250641612586}
Epoch 7/30 | val: {'dice': 0.5295810165169003, 'iou': 0.3907242126024521, 'boundary_f1': 0.06804797310080077, 'betti0_err': 10.317567567567568, 'betti1_err': 0.7477477477477478, 'pd_dist': 0.27598471255877005}
Epoch 8/30 | val: {'dice': 0.5305100408223298, 'iou': 0.392173118150986, 'boundary_f1': 0.08461590393169506, 'betti0_err': 9.871621621621621, 'betti1_err': 0.7837837837837838, 'pd_dist': 0.27623202930299223}
Epoch 9/30 | val: {'dice': 0.5401439913758287, 'iou': 0.4019339202760576, 'boundary_f1': 0.0843459342245583, 'betti0_err': 9.855855855855856, 'betti1_err': 0.7725225225225225, 'pd_dist': 0.27592882847680933}
Epoch 10/30 | val: {'dice': 0.534335838244842, 'iou': 0.3983108555679923, 'boundary_f1': 0.0876802307058562, 'betti0_err': 9.59009009009009, 'betti1_err': 0.7477477477477478, 'pd_dist': 0.2762760000334012}
Epoch 11/30 | val: {'dice': 0.5569035813615129, 'iou': 0.41912782487568556, 'boundary_f1': 0.083213291760232, 'betti0_err': 9.527027027027026, 'betti1_err': 0.7635135135135135, 'pd_dist': 0.27481697820185363}
Epoch 12/30 | val: {'dice': 0.5335160174348332, 'iou': 0.3985296117292868, 'boundary_f1': 0.08791339367225363, 'betti0_err': 9.213963963963964, 'betti1_err': 0.7815315315315315, 'pd_dist': 0.27607357535687815}
Epoch 13/30 | val: {'dice': 0.5303153956795598, 'iou': 0.3965859856154468, 'boundary_f1': 0.09835100516274169, 'betti0_err': 9.153153153153154, 'betti1_err': 0.7882882882882883, 'pd_dist': 0.27571034479061585}
Epoch 14/30 | val: {'dice': 0.5357452072538771, 'iou': 0.3995429067998319, 'boundary_f1': 0.09536383418483776, 'betti0_err': 9.15990990990991, 'betti1_err': 0.8063063063063063, 'pd_dist': 0.2775375330841081}
Epoch 15/30 | val: {'dice': 0.5352367718477506, 'iou': 0.40057633951440585, 'boundary_f1': 0.09646846541950295, 'betti0_err': 8.986486486486486, 'betti1_err': 0.7432432432432432, 'pd_dist': 0.2749920737151936}
Epoch 16/30 | val: {'dice': 0.5469889044761658, 'iou': 0.4139113548371169, 'boundary_f1': 0.10201768217994286, 'betti0_err': 8.72072072072072, 'betti1_err': 0.7747747747747747, 'pd_dist': 0.27778374979115983}
Epoch 17/30 | val: {'dice': 0.5464741047975179, 'iou': 0.41350706243837204, 'boundary_f1': 0.10040868671090754, 'betti0_err': 8.695945945945946, 'betti1_err': 0.7837837837837838, 'pd_dist': 0.27747375902557575}
Epoch 18/30 | val: {'dice': 0.5424824620152379, 'iou': 0.4101548637892749, 'boundary_f1': 0.10106808255921614, 'betti0_err': 8.412162162162161, 'betti1_err': 0.8243243243243243, 'pd_dist': 0.27829593874124103}
Epoch 19/30 | val: {'dice': 0.5286131624702934, 'iou': 0.39807983427434357, 'boundary_f1': 0.11334650064105387, 'betti0_err': 8.042792792792794, 'betti1_err': 0.8355855855855856, 'pd_dist': 0.2882280182157667}
Epoch 20/30 | val: {'dice': 0.5235214979798944, 'iou': 0.39475483709090464, 'boundary_f1': 0.11329437788945061, 'betti0_err': 7.826576576576577, 'betti1_err': 0.8513513513513513, 'pd_dist': 0.2795295546129928}
Epoch 21/30 | val: {'dice': 0.5244279487712963, 'iou': 0.3949317271645005, 'boundary_f1': 0.11519428802368877, 'betti0_err': 7.79954954954955, 'betti1_err': 0.8153153153153153, 'pd_dist': 0.28470860565198347}
Epoch 22/30 | val: {'dice': 0.5365002002265002, 'iou': 0.4058783006023716, 'boundary_f1': 0.11421417797336707, 'betti0_err': 8.07882882882883, 'betti1_err': 0.8671171171171171, 'pd_dist': 0.28726298048803384}
Epoch 23/30 | val: {'dice': 0.5365910167629654, 'iou': 0.40570476194759747, 'boundary_f1': 0.11654000702473494, 'betti0_err': 7.596846846846847, 'betti1_err': 0.8738738738738738, 'pd_dist': 0.2930512570159737}
Epoch 24/30 | val: {'dice': 0.5337588983076113, 'iou': 0.404381651599128, 'boundary_f1': 0.12061267248816318, 'betti0_err': 8.08108108108108, 'betti1_err': 0.8220720720720721, 'pd_dist': 0.28223035517609385}
Epoch 25/30 | val: {'dice': 0.5337364823968561, 'iou': 0.4025075780647295, 'boundary_f1': 0.11658842338098062, 'betti0_err': 7.828828828828829, 'betti1_err': 0.8468468468468469, 'pd_dist': 0.28847093612837194}
Epoch 26/30 | val: {'dice': 0.5425098718286635, 'iou': 0.41274103750516705, 'boundary_f1': 0.12764980033174292, 'betti0_err': 7.788288288288288, 'betti1_err': 0.8513513513513513, 'pd_dist': 0.2872932004642366}
Epoch 27/30 | val: {'dice': 0.5350321394366186, 'iou': 0.4063250819842021, 'boundary_f1': 0.12801392953675073, 'betti0_err': 7.662162162162162, 'betti1_err': 0.9076576576576577, 'pd_dist': 0.2935871217073525}
Epoch 28/30 | val: {'dice': 0.5396200367459306, 'iou': 0.40896944822491826, 'boundary_f1': 0.12255005659283819, 'betti0_err': 7.4774774774774775, 'betti1_err': 0.8738738738738738, 'pd_dist': 0.2904657908250414}
Epoch 29/30 | val: {'dice': 0.5385551264694145, 'iou': 0.41082314180361257, 'boundary_f1': 0.12972681496191668, 'betti0_err': 7.4707207207207205, 'betti1_err': 0.8175675675675675, 'pd_dist': 0.29381718995650474}
Epoch 30/30 | val: {'dice': 0.5307933549891721, 'iou': 0.40362821331432275, 'boundary_f1': 0.1319358111904548, 'betti0_err': 7.195945945945946, 'betti1_err': 0.9144144144144144, 'pd_dist': 0.29277611398539327}
Training complete. Best val: {'dice': 0.5569035813615129, 'iou': 0.41912782487568556, 'boundary_f1': 0.083213291760232, 'betti0_err': 9.527027027027026, 'betti1_err': 0.7635135135135135, 'pd_dist': 0.27481697820185363}
Training job completed!
Euclidean(False)
dinov2