Virtual environment activated.
Epoch 1/30 | val: {'dice': 0.38235212097296845, 'iou': 0.25924011910552375, 'boundary_f1': 0.07573377545755189, 'betti0_err': 10.835585585585585, 'betti1_err': 0.7364864864864865, 'pd_dist': 0.27042179654315424}
Epoch 2/30 | val: {'dice': 0.46792556962988396, 'iou': 0.3331490602713447, 'boundary_f1': 0.07101049952141873, 'betti0_err': 10.70945945945946, 'betti1_err': 0.740990990990991, 'pd_dist': 0.2722539431694504}
Epoch 3/30 | val: {'dice': 0.4899209651861105, 'iou': 0.35431702508851215, 'boundary_f1': 0.06408971392020986, 'betti0_err': 10.675675675675675, 'betti1_err': 0.7207207207207207, 'pd_dist': 0.27482241565325777}
Epoch 4/30 | val: {'dice': 0.5155569022303229, 'iou': 0.3772570893571183, 'boundary_f1': 0.07584481387659237, 'betti0_err': 10.736486486486486, 'betti1_err': 0.7319819819819819, 'pd_dist': 0.27242110440996503}
Epoch 5/30 | val: {'dice': 0.5245629695353208, 'iou': 0.38806836978272274, 'boundary_f1': 0.07068278323355559, 'betti0_err': 10.554054054054054, 'betti1_err': 0.7319819819819819, 'pd_dist': 0.275305109064092}
Epoch 6/30 | val: {'dice': 0.5391375113714922, 'iou': 0.3987721075882783, 'boundary_f1': 0.06401189987186913, 'betti0_err': 10.592342342342342, 'betti1_err': 0.704954954954955, 'pd_dist': 0.269698373253806}
Epoch 7/30 | val: {'dice': 0.5478316156176833, 'iou': 0.40898966319389174, 'boundary_f1': 0.08061925919206293, 'betti0_err': 10.382882882882884, 'betti1_err': 0.740990990990991, 'pd_dist': 0.27596740761202126}
Epoch 8/30 | val: {'dice': 0.548351555794209, 'iou': 0.40975827515662255, 'boundary_f1': 0.0741238433297153, 'betti0_err': 10.243243243243244, 'betti1_err': 0.7477477477477478, 'pd_dist': 0.27294226675595434}
Epoch 9/30 | val: {'dice': 0.5346812577666463, 'iou': 0.39674936745080863, 'boundary_f1': 0.07450538185668422, 'betti0_err': 10.074324324324325, 'betti1_err': 0.7725225225225225, 'pd_dist': 0.27619473741386924}
Epoch 10/30 | val: {'dice': 0.5474502651004104, 'iou': 0.4094553702586406, 'boundary_f1': 0.08732152515435004, 'betti0_err': 9.92117117117117, 'betti1_err': 0.7319819819819819, 'pd_dist': 0.27422057823795665}
Epoch 11/30 | val: {'dice': 0.5559963616164955, 'iou': 0.418314730798876, 'boundary_f1': 0.08791618314278019, 'betti0_err': 9.711711711711711, 'betti1_err': 0.8153153153153153, 'pd_dist': 0.27554852222406295}
Epoch 12/30 | val: {'dice': 0.5435617555369128, 'iou': 0.4069936029814385, 'boundary_f1': 0.08606729549062145, 'betti0_err': 9.378378378378379, 'betti1_err': 0.7274774774774775, 'pd_dist': 0.2708785086320497}
Epoch 13/30 | val: {'dice': 0.5491424909046104, 'iou': 0.4134459776115847, 'boundary_f1': 0.0998291339356083, 'betti0_err': 9.373873873873874, 'betti1_err': 0.8085585585585585, 'pd_dist': 0.273352631291834}
Epoch 14/30 | val: {'dice': 0.557939696150857, 'iou': 0.4205728598811605, 'boundary_f1': 0.0983350165859536, 'betti0_err': 9.268018018018019, 'betti1_err': 0.7972972972972973, 'pd_dist': 0.27647880637464967}
Epoch 15/30 | val: {'dice': 0.5571619014482241, 'iou': 0.42106851035947196, 'boundary_f1': 0.09399471150056736, 'betti0_err': 9.01126126126126, 'betti1_err': 0.7927927927927928, 'pd_dist': 0.27661667890696523}
Epoch 16/30 | val: {'dice': 0.5462982794186017, 'iou': 0.41310018757442096, 'boundary_f1': 0.0974807794969361, 'betti0_err': 8.727477477477477, 'betti1_err': 0.795045045045045, 'pd_dist': 0.27689809277089766}
Epoch 17/30 | val: {'dice': 0.5507048449000796, 'iou': 0.41632624292695847, 'boundary_f1': 0.10505841608654272, 'betti0_err': 8.83108108108108, 'betti1_err': 0.8153153153153153, 'pd_dist': 0.27880755745072705}
Epoch 18/30 | val: {'dice': 0.5582718078617577, 'iou': 0.4223840074227737, 'boundary_f1': 0.10167452004981471, 'betti0_err': 8.576576576576576, 'betti1_err': 0.8265765765765766, 'pd_dist': 0.28065041926272877}
Epoch 19/30 | val: {'dice': 0.5569730951442374, 'iou': 0.4232849155191903, 'boundary_f1': 0.1142149541761961, 'betti0_err': 8.391891891891891, 'betti1_err': 0.7995495495495496, 'pd_dist': 0.27718518391113023}
Epoch 20/30 | val: {'dice': 0.5498963444082586, 'iou': 0.41709839076072247, 'boundary_f1': 0.10734070099151886, 'betti0_err': 8.371621621621621, 'betti1_err': 0.786036036036036, 'pd_dist': 0.27599137160700055}
Epoch 21/30 | val: {'dice': 0.5644135037520984, 'iou': 0.4307099339124319, 'boundary_f1': 0.11934289071071255, 'betti0_err': 8.48873873873874, 'betti1_err': 0.8761261261261262, 'pd_dist': 0.28379551987178875}
Epoch 22/30 | val: {'dice': 0.5421761556251629, 'iou': 0.4112713781294522, 'boundary_f1': 0.11438475643192325, 'betti0_err': 8.313063063063064, 'betti1_err': 0.795045045045045, 'pd_dist': 0.277301586337337}
Epoch 23/30 | val: {'dice': 0.5466145518663768, 'iou': 0.41501950063146986, 'boundary_f1': 0.12183375817698401, 'betti0_err': 7.862612612612613, 'betti1_err': 0.8828828828828829, 'pd_dist': 0.2848573919343318}
Epoch 24/30 | val: {'dice': 0.540587248297425, 'iou': 0.40956209156964274, 'boundary_f1': 0.11461808455285726, 'betti0_err': 8.202702702702704, 'betti1_err': 0.9076576576576577, 'pd_dist': 0.29093126172564576}
Epoch 25/30 | val: {'dice': 0.5606588466210408, 'iou': 0.42642654491974424, 'boundary_f1': 0.10935877921344998, 'betti0_err': 7.673423423423423, 'betti1_err': 0.8851351351351351, 'pd_dist': 0.291859936041624}
Epoch 26/30 | val: {'dice': 0.549670265601562, 'iou': 0.41877569419306676, 'boundary_f1': 0.12644035654427768, 'betti0_err': 8.02027027027027, 'betti1_err': 0.8963963963963963, 'pd_dist': 0.2874492965095694}
Epoch 27/30 | val: {'dice': 0.5554008054303693, 'iou': 0.4228594296418869, 'boundary_f1': 0.1236951071936805, 'betti0_err': 7.822072072072072, 'betti1_err': 0.9504504504504504, 'pd_dist': 0.28840687682247584}
Epoch 28/30 | val: {'dice': 0.5376349803026732, 'iou': 0.40797672561697057, 'boundary_f1': 0.12355624867586402, 'betti0_err': 7.545045045045045, 'betti1_err': 0.9211711711711712, 'pd_dist': 0.2928013119439214}
Epoch 29/30 | val: {'dice': 0.5324708609967619, 'iou': 0.40494372420482805, 'boundary_f1': 0.1265737347908922, 'betti0_err': 7.4391891891891895, 'betti1_err': 0.9324324324324325, 'pd_dist': 0.2880531628929145}
Epoch 30/30 | val: {'dice': 0.5406889845659067, 'iou': 0.4119898060689101, 'boundary_f1': 0.12517323469122252, 'betti0_err': 7.563063063063063, 'betti1_err': 0.9054054054054054, 'pd_dist': 0.2961918984268755}
Training complete. Best val: {'dice': 0.5644135037520984, 'iou': 0.4307099339124319, 'boundary_f1': 0.11934289071071255, 'betti0_err': 8.48873873873874, 'betti1_err': 0.8761261261261262, 'pd_dist': 0.28379551987178875}
Training job completed!
Euclidean True Dinov2